Using pre-set license
Built from '2021.3/staging' branch; Version is '2021.3.11f1 (0a5ca18544bf) revision 679073'; Using compiler version '192829333'; Build Type 'Release'
OS: 'Windows 10  (10.0.19044) 64bit CoreSingleLanguage' Language: 'en' Physical Memory: 12156 MB
BatchMode: 1, IsHumanControllingUs: 0, StartBugReporterOnCrash: 0, Is64bit: 1, IsPro: 1

COMMAND LINE ARGUMENTS:
D:\Unity\2021.3.11f1\Editor\Unity.exe
-adb2
-batchMode
-noUpm
-name
AssetImportWorker0
-projectPath
C:/Users/User/Documents/GitHub/Game_Dev
-logFile
Logs/AssetImportWorker0.log
-srvPort
54058
Successfully changed project path to: C:/Users/User/Documents/GitHub/Game_Dev
C:/Users/User/Documents/GitHub/Game_Dev
[UnityMemory] Configuration Parameters - Can be set up in boot.config
    "memorysetup-bucket-allocator-granularity=16"
    "memorysetup-bucket-allocator-bucket-count=8"
    "memorysetup-bucket-allocator-block-size=33554432"
    "memorysetup-bucket-allocator-block-count=8"
    "memorysetup-main-allocator-block-size=16777216"
    "memorysetup-thread-allocator-block-size=16777216"
    "memorysetup-gfx-main-allocator-block-size=16777216"
    "memorysetup-gfx-thread-allocator-block-size=16777216"
    "memorysetup-cache-allocator-block-size=4194304"
    "memorysetup-typetree-allocator-block-size=2097152"
    "memorysetup-profiler-bucket-allocator-granularity=16"
    "memorysetup-profiler-bucket-allocator-bucket-count=8"
    "memorysetup-profiler-bucket-allocator-block-size=33554432"
    "memorysetup-profiler-bucket-allocator-block-count=8"
    "memorysetup-profiler-allocator-block-size=16777216"
    "memorysetup-profiler-editor-allocator-block-size=1048576"
    "memorysetup-temp-allocator-size-main=16777216"
    "memorysetup-job-temp-allocator-block-size=2097152"
    "memorysetup-job-temp-allocator-block-size-background=1048576"
    "memorysetup-job-temp-allocator-reduction-small-platforms=262144"
    "memorysetup-temp-allocator-size-background-worker=32768"
    "memorysetup-temp-allocator-size-job-worker=262144"
    "memorysetup-temp-allocator-size-preload-manager=33554432"
    "memorysetup-temp-allocator-size-nav-mesh-worker=65536"
    "memorysetup-temp-allocator-size-audio-worker=65536"
    "memorysetup-temp-allocator-size-cloud-worker=32768"
    "memorysetup-temp-allocator-size-gi-baking-worker=262144"
    "memorysetup-temp-allocator-size-gfx=262144"
Refreshing native plugins compatible for Editor in 372.81 ms, found 3 plugins.
Preloading 0 native plugins for Editor in 0.00 ms.
Initialize engine version: 2021.3.11f1 (0a5ca18544bf)
[Subsystems] Discovering subsystems at path D:/Unity/2021.3.11f1/Editor/Data/Resources/UnitySubsystems
[Subsystems] Discovering subsystems at path C:/Users/User/Documents/GitHub/Game_Dev/Assets
GfxDevice: creating device client; threaded=0; jobified=0
Direct3D:
    Version:  Direct3D 11.0 [level 11.1]
    Renderer: Intel(R) HD Graphics 620 (ID=0x5916)
    Vendor:   Intel
    VRAM:     6078 MB
    Driver:   27.20.100.8853
Initialize mono
Mono path[0] = 'D:/Unity/2021.3.11f1/Editor/Data/Managed'
Mono path[1] = 'D:/Unity/2021.3.11f1/Editor/Data/MonoBleedingEdge/lib/mono/unityjit-win32'
Mono config path = 'D:/Unity/2021.3.11f1/Editor/Data/MonoBleedingEdge/etc'
Using monoOptions --debugger-agent=transport=dt_socket,embedding=1,server=y,suspend=n,address=127.0.0.1:56860
Begin MonoManager ReloadAssembly
Registering precompiled unity dll's ...
Register platform support module: D:/Unity/2021.3.11f1/Editor/Data/PlaybackEngines/WindowsStandaloneSupport/UnityEditor.WindowsStandalone.Extensions.dll
Registered in 0.007187 seconds.
Native extension for WindowsStandalone target not found
Refreshing native plugins compatible for Editor in 190.51 ms, found 3 plugins.
Preloading 0 native plugins for Editor in 0.00 ms.
Mono: successfully reloaded assembly
- Completed reload, in  2.428 seconds
Domain Reload Profiling:
	ReloadAssembly (2429ms)
		BeginReloadAssembly (189ms)
			ExecutionOrderSort (0ms)
			DisableScriptedObjects (0ms)
			BackupInstance (0ms)
			ReleaseScriptingObjects (0ms)
			CreateAndSetChildDomain (1ms)
		EndReloadAssembly (1989ms)
			LoadAssemblies (187ms)
			RebuildTransferFunctionScriptingTraits (0ms)
			SetupTypeCache (586ms)
			ReleaseScriptCaches (0ms)
			RebuildScriptCaches (126ms)
			SetupLoadedEditorAssemblies (1076ms)
				LogAssemblyErrors (0ms)
				InitializePlatformSupportModulesInManaged (13ms)
				SetLoadedEditorAssemblies (0ms)
				RefreshPlugins (191ms)
				BeforeProcessingInitializeOnLoad (3ms)
				ProcessInitializeOnLoadAttributes (673ms)
				ProcessInitializeOnLoadMethodAttributes (195ms)
				AfterProcessingInitializeOnLoad (0ms)
				EditorAssembliesLoaded (0ms)
			ExecutionOrderSort2 (0ms)
			AwakeInstancesAfterBackupRestoration (0ms)
Platform modules already initialized, skipping
Registering precompiled user dll's ...
Registered in 0.024463 seconds.
Begin MonoManager ReloadAssembly
Symbol file LoadedFromMemory doesn't match image C:\Users\User\Documents\GitHub\Game_Dev\Library\PackageCache\com.unity.visualscripting@1.7.8\Editor\VisualScripting.Core\Dependencies\YamlDotNet\Unity.VisualScripting.YamlDotNet.dll
Symbol file LoadedFromMemory doesn't match image C:\Users\User\Documents\GitHub\Game_Dev\Library\PackageCache\com.unity.visualscripting@1.7.8\Editor\VisualScripting.Core\Dependencies\DotNetZip\Unity.VisualScripting.IonicZip.dll
Native extension for WindowsStandalone target not found
Refreshing native plugins compatible for Editor in 1.57 ms, found 3 plugins.
Preloading 0 native plugins for Editor in 0.00 ms.
Mono: successfully reloaded assembly
- Completed reload, in  3.202 seconds
Domain Reload Profiling:
	ReloadAssembly (3204ms)
		BeginReloadAssembly (559ms)
			ExecutionOrderSort (0ms)
			DisableScriptedObjects (29ms)
			BackupInstance (0ms)
			ReleaseScriptingObjects (0ms)
			CreateAndSetChildDomain (72ms)
		EndReloadAssembly (2324ms)
			LoadAssemblies (347ms)
			RebuildTransferFunctionScriptingTraits (0ms)
			SetupTypeCache (746ms)
			ReleaseScriptCaches (1ms)
			RebuildScriptCaches (131ms)
			SetupLoadedEditorAssemblies (1146ms)
				LogAssemblyErrors (0ms)
				InitializePlatformSupportModulesInManaged (11ms)
				SetLoadedEditorAssemblies (3ms)
				RefreshPlugins (2ms)
				BeforeProcessingInitializeOnLoad (293ms)
				ProcessInitializeOnLoadAttributes (667ms)
				ProcessInitializeOnLoadMethodAttributes (162ms)
				AfterProcessingInitializeOnLoad (7ms)
				EditorAssembliesLoaded (1ms)
			ExecutionOrderSort2 (0ms)
			AwakeInstancesAfterBackupRestoration (20ms)
Platform modules already initialized, skipping
========================================================================
Worker process is ready to serve import requests
Launched and connected shader compiler UnityShaderCompiler.exe after 0.34 seconds
Refreshing native plugins compatible for Editor in 1.41 ms, found 3 plugins.
Preloading 0 native plugins for Editor in 0.00 ms.
Unloading 3401 Unused Serialized files (Serialized files now loaded: 0)
Unloading 25 unused Assets / (56.4 KB). Loaded Objects now: 3860.
Memory consumption went from 116.6 MB to 116.6 MB.
Total: 12.026300 ms (FindLiveObjects: 0.583700 ms CreateObjectMapping: 0.876600 ms MarkObjects: 10.419400 ms  DeleteObjects: 0.144500 ms)

AssetImportParameters requested are different than current active one (requested -> active):
  custom:video-decoder-ogg-theora: a1e56fd34408186e4bbccfd4996cb3dc -> 
  custom:container-muxer-webm: aa71ff27fc2769a1b78a27578f13a17b -> 
  custom:container-demuxer-webm: 4f35f7cbe854078d1ac9338744f61a02 -> 
  custom:video-encoder-webm-vp8: eb34c28f22e8b96e1ab97ce403110664 -> 
  custom:audio-encoder-webm-vorbis: bf7c407c2cedff20999df2af8eb42d56 -> 
  custom:framework-win-MediaFoundation: 216162199b28c13a410421893ffa2e32 -> 
  custom:container-demuxer-ogg: 62fdf1f143b41e24485cea50d1cbac27 -> 
  custom:video-decoder-webm-vp8: 9c59270c3fd7afecdb556c50c9e8de78 -> 
  custom:audio-decoder-ogg-vorbis: bf7c407c2cedff20999df2af8eb42d56 -> 
========================================================================
Received Import Request.
  Time since last request: 88974.520063 seconds.
  path: Assets/Scenes
  artifactKey: Guid(6ea315d0fd7389c41b19996891e99ae3) Importer(815301076,1909f56bfc062723c751e8b465ee728b)
Start importing Assets/Scenes using Guid(6ea315d0fd7389c41b19996891e99ae3) Importer(815301076,1909f56bfc062723c751e8b465ee728b)  -> (artifact id: 'bc172811d573b296104adb4d2728db37') in 0.024375 seconds 
========================================================================
Received Import Request.
  Time since last request: 0.000040 seconds.
  path: Assets/Level 5 Script
  artifactKey: Guid(dc5186f7d05dc2f429f7856be1b904b6) Importer(815301076,1909f56bfc062723c751e8b465ee728b)
Start importing Assets/Level 5 Script using Guid(dc5186f7d05dc2f429f7856be1b904b6) Importer(815301076,1909f56bfc062723c751e8b465ee728b)  -> (artifact id: '40f36e9f9e90e43766e364c2c4f961cd') in 0.012637 seconds 
========================================================================
Received Import Request.
  Time since last request: 0.000048 seconds.
  path: Assets/Scenes/SampleScene 5.unity
  artifactKey: Guid(41c4e049e88d01f4bb5b1fc15f30eafd) Importer(815301076,1909f56bfc062723c751e8b465ee728b)
Start importing Assets/Scenes/SampleScene 5.unity using Guid(41c4e049e88d01f4bb5b1fc15f30eafd) Importer(815301076,1909f56bfc062723c751e8b465ee728b)  -> (artifact id: '60e805fc2335c8d3abb21bf0484550a0') in 0.008065 seconds 
========================================================================
Received Import Request.
  Time since last request: 0.000040 seconds.
  path: Assets/Scenes/SampleScene.unity
  artifactKey: Guid(9fc0d4010bbf28b4594072e72b8655ab) Importer(815301076,1909f56bfc062723c751e8b465ee728b)
Start importing Assets/Scenes/SampleScene.unity using Guid(9fc0d4010bbf28b4594072e72b8655ab) Importer(815301076,1909f56bfc062723c751e8b465ee728b)  -> (artifact id: 'c3645ce8174371bc197d113ad60defc5') in 0.003989 seconds 
========================================================================
Received Import Request.
  Time since last request: 26.731240 seconds.
  path: Assets/Prefab & Color
  artifactKey: Guid(c925a521f3a8f1b42b18d31e14cb97ce) Importer(815301076,1909f56bfc062723c751e8b465ee728b)
Start importing Assets/Prefab & Color using Guid(c925a521f3a8f1b42b18d31e14cb97ce) Importer(815301076,1909f56bfc062723c751e8b465ee728b)  -> (artifact id: '13ac0c08a1a4771be3b97e3099e4f5f0') in 0.015897 seconds 
========================================================================
Received Import Request.
  Time since last request: 0.023648 seconds.
  path: Assets/Prefab & Color/cube.mat
  artifactKey: Guid(7e1c74c62cd7cc449b3321aa82086cea) Importer(815301076,1909f56bfc062723c751e8b465ee728b)
Start importing Assets/Prefab & Color/cube.mat using Guid(7e1c74c62cd7cc449b3321aa82086cea) Importer(815301076,1909f56bfc062723c751e8b465ee728b)  -> (artifact id: '76c204a2680b2ac75cbd116ea3341b9f') in 0.701663 seconds 
========================================================================
Received Import Request.
  Time since last request: 0.000054 seconds.
  path: Assets/Prefab & Color/Guard1.prefab
  artifactKey: Guid(81caa83830db43449a5adb9b86e375f2) Importer(815301076,1909f56bfc062723c751e8b465ee728b)
Start importing Assets/Prefab & Color/Guard1.prefab using Guid(81caa83830db43449a5adb9b86e375f2) Importer(815301076,1909f56bfc062723c751e8b465ee728b)  -> (artifact id: '3d4be830b73e2cce4ac98c037bd33cf9') in 0.559799 seconds 
========================================================================
Received Import Request.
  Time since last request: 0.000041 seconds.
  path: Assets/Prefab & Color/uard.mat
  artifactKey: Guid(39b860e50c8c4cb49b47bb5050e011cb) Importer(815301076,1909f56bfc062723c751e8b465ee728b)
Start importing Assets/Prefab & Color/uard.mat using Guid(39b860e50c8c4cb49b47bb5050e011cb) Importer(815301076,1909f56bfc062723c751e8b465ee728b)  -> (artifact id: '2aedaaa6569a0061e84874ebd61b391b') in 0.034857 seconds 
========================================================================
Received Import Request.
  Time since last request: 0.000081 seconds.
  path: Assets/Prefab & Color/Plane.mat
  artifactKey: Guid(d92dd7e47bfeba14a9219ea8dee92574) Importer(815301076,1909f56bfc062723c751e8b465ee728b)
Start importing Assets/Prefab & Color/Plane.mat using Guid(d92dd7e47bfeba14a9219ea8dee92574) Importer(815301076,1909f56bfc062723c751e8b465ee728b)  -> (artifact id: '30ae53b466fd3b288b27a911a426075a') in 0.044965 seconds 
========================================================================
Received Import Request.
  Time since last request: 0.000038 seconds.
  path: Assets/Prefab & Color/points.prefab
  artifactKey: Guid(41e5f2ec4156846478352dd92ecfa888) Importer(815301076,1909f56bfc062723c751e8b465ee728b)
Start importing Assets/Prefab & Color/points.prefab using Guid(41e5f2ec4156846478352dd92ecfa888) Importer(815301076,1909f56bfc062723c751e8b465ee728b)  -> (artifact id: '21f73f2efdc6eca19d6034b3b57eb061') in 0.050233 seconds 
========================================================================
Received Import Request.
  Time since last request: 0.000035 seconds.
  path: Assets/Prefab & Color/wp1.prefab
  artifactKey: Guid(4feead84680a48a488359a8724429a21) Importer(815301076,1909f56bfc062723c751e8b465ee728b)
Start importing Assets/Prefab & Color/wp1.prefab using Guid(4feead84680a48a488359a8724429a21) Importer(815301076,1909f56bfc062723c751e8b465ee728b)  -> (artifact id: 'c8d64dbc062c854b194679a9b8223e4e') in 0.012510 seconds 
========================================================================
Received Import Request.
  Time since last request: 0.000037 seconds.
  path: Assets/Prefab & Color/nemy.mat
  artifactKey: Guid(6436bc36614d2294bae506c7cfd9a72b) Importer(815301076,1909f56bfc062723c751e8b465ee728b)
Start importing Assets/Prefab & Color/nemy.mat using Guid(6436bc36614d2294bae506c7cfd9a72b) Importer(815301076,1909f56bfc062723c751e8b465ee728b)  -> (artifact id: '52068681ab03e2ce4831d4bc34adb8da') in 0.041472 seconds 
========================================================================
Received Import Request.
  Time since last request: 0.000043 seconds.
  path: Assets/Prefab & Color/enemy.prefab
  artifactKey: Guid(848fa54a1daed8540899142f5e75313c) Importer(815301076,1909f56bfc062723c751e8b465ee728b)
Start importing Assets/Prefab & Color/enemy.prefab using Guid(848fa54a1daed8540899142f5e75313c) Importer(815301076,1909f56bfc062723c751e8b465ee728b)  -> (artifact id: '707fdc2200db86aeaeb45844ec67d84d') in 0.041208 seconds 
========================================================================
Received Import Request.
  Time since last request: 0.000083 seconds.
  path: Assets/Prefab & Color/Player.mat
  artifactKey: Guid(d2e0296125d0910488a013777648074e) Importer(815301076,1909f56bfc062723c751e8b465ee728b)
Start importing Assets/Prefab & Color/Player.mat using Guid(d2e0296125d0910488a013777648074e) Importer(815301076,1909f56bfc062723c751e8b465ee728b)  -> (artifact id: 'c5c1d7f2c35b75ec882321fe4daef216') in 0.025301 seconds 
========================================================================
Received Prepare
Registering precompiled user dll's ...
Registered in 0.018297 seconds.
Begin MonoManager ReloadAssembly
Symbol file LoadedFromMemory doesn't match image C:\Users\User\Documents\GitHub\Game_Dev\Library\PackageCache\com.unity.visualscripting@1.7.8\Editor\VisualScripting.Core\Dependencies\YamlDotNet\Unity.VisualScripting.YamlDotNet.dll
Symbol file LoadedFromMemory doesn't match image C:\Users\User\Documents\GitHub\Game_Dev\Library\PackageCache\com.unity.visualscripting@1.7.8\Editor\VisualScripting.Core\Dependencies\DotNetZip\Unity.VisualScripting.IonicZip.dll
Native extension for WindowsStandalone target not found
Refreshing native plugins compatible for Editor in 3.72 ms, found 3 plugins.
Preloading 0 native plugins for Editor in 0.00 ms.
Mono: successfully reloaded assembly
- Completed reload, in 10.393 seconds
Domain Reload Profiling:
	ReloadAssembly (10405ms)
		BeginReloadAssembly (527ms)
			ExecutionOrderSort (0ms)
			DisableScriptedObjects (75ms)
			BackupInstance (0ms)
			ReleaseScriptingObjects (0ms)
			CreateAndSetChildDomain (150ms)
		EndReloadAssembly (9374ms)
			LoadAssemblies (294ms)
			RebuildTransferFunctionScriptingTraits (2ms)
			SetupTypeCache (2511ms)
			ReleaseScriptCaches (5ms)
			RebuildScriptCaches (439ms)
			SetupLoadedEditorAssemblies (4974ms)
				LogAssemblyErrors (0ms)
				InitializePlatformSupportModulesInManaged (683ms)
				SetLoadedEditorAssemblies (9ms)
				RefreshPlugins (4ms)
				BeforeProcessingInitializeOnLoad (1053ms)
				ProcessInitializeOnLoadAttributes (2734ms)
				ProcessInitializeOnLoadMethodAttributes (400ms)
				AfterProcessingInitializeOnLoad (90ms)
				EditorAssembliesLoaded (1ms)
			ExecutionOrderSort2 (0ms)
			AwakeInstancesAfterBackupRestoration (177ms)
Platform modules already initialized, skipping
Refreshing native plugins compatible for Editor in 25.81 ms, found 3 plugins.
Preloading 0 native plugins for Editor in 0.00 ms.
Unloading 3394 Unused Serialized files (Serialized files now loaded: 0)
Unloading 18 unused Assets / (24.7 KB). Loaded Objects now: 3906.
Memory consumption went from 121.0 MB to 121.0 MB.
Total: 27.677600 ms (FindLiveObjects: 3.731600 ms CreateObjectMapping: 0.803400 ms MarkObjects: 22.567500 ms  DeleteObjects: 0.572200 ms)

AssetImportParameters requested are different than current active one (requested -> active):
  custom:video-decoder-ogg-theora: a1e56fd34408186e4bbccfd4996cb3dc -> 
  custom:container-muxer-webm: aa71ff27fc2769a1b78a27578f13a17b -> 
  custom:container-demuxer-webm: 4f35f7cbe854078d1ac9338744f61a02 -> 
  custom:video-encoder-webm-vp8: eb34c28f22e8b96e1ab97ce403110664 -> 
  custom:audio-encoder-webm-vorbis: bf7c407c2cedff20999df2af8eb42d56 -> 
  custom:framework-win-MediaFoundation: 216162199b28c13a410421893ffa2e32 -> 
  custom:container-demuxer-ogg: 62fdf1f143b41e24485cea50d1cbac27 -> 
  custom:video-decoder-webm-vp8: 9c59270c3fd7afecdb556c50c9e8de78 -> 
  custom:audio-decoder-ogg-vorbis: bf7c407c2cedff20999df2af8eb42d56 -> 
